2022-10-27 16:11:06,669 : WARNING : Python-dotenv could not parse statement starting at line 4
2022-10-27 16:11:06,670 : WARNING : Python-dotenv could not parse statement starting at line 5
2022-10-27 16:11:06,670 : WARNING : Python-dotenv could not parse statement starting at line 6
2022-10-27 16:11:06,670 : WARNING : Python-dotenv could not parse statement starting at line 15
2022-10-27 16:11:06,671 : WARNING : Python-dotenv could not parse statement starting at line 16
2022-10-27 16:11:06,671 : WARNING : Python-dotenv could not parse statement starting at line 17
2022-10-27 16:11:06,671 : WARNING : Python-dotenv could not parse statement starting at line 26
2022-10-27 16:11:06,672 : WARNING : Python-dotenv could not parse statement starting at line 27
2022-10-27 16:11:06,672 : WARNING : Python-dotenv could not parse statement starting at line 28
2022-10-27 16:11:06,672 : WARNING : Python-dotenv could not parse statement starting at line 37
2022-10-27 16:11:06,672 : WARNING : Python-dotenv could not parse statement starting at line 38
2022-10-27 16:11:06,672 : WARNING : Python-dotenv could not parse statement starting at line 39
2022-10-27 16:11:06,673 : INFO : Started server process [3857]
2022-10-27 16:11:06,674 : INFO : Waiting for application startup.
2022-10-27 16:11:06,674 : INFO : Application startup complete.
2022-10-27 16:11:06,675 : INFO : Uvicorn running on http://127.0.0.1:8000 (Press CTRL+C to quit)
2022-10-27 16:20:26,868 : INFO : Shutting down
2022-10-27 16:20:26,971 : INFO : Waiting for application shutdown.
2022-10-27 16:20:26,973 : INFO : Application shutdown complete.
2022-10-27 16:20:26,975 : INFO : Finished server process [3857]
